<?xml version="1.0" encoding="utf-8"?>
<TestRun id="ae7650a9-f6c7-4316-bf7e-171c5ce8374f" name="HP@DESKTOP-I74QBID 2026-05-25 02:05:15" runUser="DESKTOP-I74QBID\HP" xmlns="http://microsoft.com/schemas/VisualStudio/TeamTest/2010">
  <Times creation="2026-05-25T02:05:15.9019290-05:00" queuing="2026-05-25T02:05:15.9019295-05:00" start="2026-05-25T02:05:12.5458583-05:00" finish="2026-05-25T02:05:24.9147560-05:00" />
  <TestSettings name="default" id="7261973d-6465-4131-888d-ea8dadfa028f">
    <Deployment runDeploymentRoot="HP_DESKTOP-I74QBID_2026-05-25_02_05_15" />
  </TestSettings>
  <Results>
    <UnitTestResult executionId="c0f3d903-158a-4bbc-b54d-9ceda701aa00" testId="8a697d69-fd9f-83a2-f7a0-a44267c7311a" testName="Usuario_LongPassword_Fails_StringLength" computerName="DESKTOP-I74QBID" duration="00:00:00.0019672" startTime="2026-05-25T02:05:15.3090183-05:00" endTime="2026-05-25T02:05:15.3111994-05:00" testType="13cdc9d9-ddb5-4fa4-a97d-d965ccfc6d4b" outcome="Passed" testListId="8c84fa94-04c1-424b-9868-57a2d4851a1d" relativeResultsDirectory="c0f3d903-158a-4bbc-b54d-9ceda701aa00" />
    <UnitTestResult executionId="98ac44ab-63a3-4c71-a4ad-11a06d82c75f" testId="4735c474-044c-5fe7-0a90-db926e18b188" testName="Login_Post_Visitante_Redirects_To_Visit" computerName="DESKTOP-I74QBID" duration="00:00:00.0609658" startTime="2026-05-25T02:05:22.5055237-05:00" endTime="2026-05-25T02:05:22.5667663-05:00" testType="13cdc9d9-ddb5-4fa4-a97d-d965ccfc6d4b" outcome="Passed" testListId="8c84fa94-04c1-424b-9868-57a2d4851a1d" relativeResultsDirectory="98ac44ab-63a3-4c71-a4ad-11a06d82c75f" />
    <UnitTestResult executionId="864b0d42-32ad-47a4-b21d-c978596b5ccc" testId="121fe280-d250-01df-a665-a06443c2f551" testName="Registro_ModelStateInvalid_ReturnsView" computerName="DESKTOP-I74QBID" duration="00:00:00.0854652" startTime="2026-05-25T02:05:21.9385250-05:00" endTime="2026-05-25T02:05:22.0243276-05:00" testType="13cdc9d9-ddb5-4fa4-a97d-d965ccfc6d4b" outcome="Passed" testListId="8c84fa94-04c1-424b-9868-57a2d4851a1d" relativeResultsDirectory="864b0d42-32ad-47a4-b21d-c978596b5ccc" />
    <UnitTestResult executionId="377d505d-7d00-4ad5-94ba-75e2036d8bc9" testId="a7ebce68-9c1f-8808-4061-a773da5aeab7" testName="Listar_Filters_By_Dni" computerName="DESKTOP-I74QBID" duration="00:00:00.3828415" startTime="2026-05-25T02:05:22.5720000-05:00" endTime="2026-05-25T02:05:22.9553032-05:00" testType="13cdc9d9-ddb5-4fa4-a97d-d965ccfc6d4b" outcome="Passed" testListId="8c84fa94-04c1-424b-9868-57a2d4851a1d" relativeResultsDirectory="377d505d-7d00-4ad5-94ba-75e2036d8bc9" />
    <UnitTestResult executionId="d6607dfc-d473-488e-b2a4-d711945b12f6" testId="e9c018df-4337-2faf-003b-ea21fbaa22bb" testName="Eliminar_Get_Returns_NotFound_For_Null" computerName="DESKTOP-I74QBID" duration="00:00:00.0048624" startTime="2026-05-25T02:05:23.0237673-05:00" endTime="2026-05-25T02:05:23.0289054-05:00" testType="13cdc9d9-ddb5-4fa4-a97d-d965ccfc6d4b" outcome="Passed" testListId="8c84fa94-04c1-424b-9868-57a2d4851a1d" relativeResultsDirectory="d6607dfc-d473-488e-b2a4-d711945b12f6" />
    <UnitTestResult executionId="c7edd7ea-0ee8-4f0a-a850-f3a4b92c5d99" testId="3de79086-715c-8ba4-01a2-83a8d1bf200c" testName="Estudiante_Invalid_Dni_Fails" computerName="DESKTOP-I74QBID" duration="00:00:00.0052779" startTime="2026-05-25T02:05:15.2971881-05:00" endTime="2026-05-25T02:05:15.3027232-05:00" testType="13cdc9d9-ddb5-4fa4-a97d-d965ccfc6d4b" outcome="Passed" testListId="8c84fa94-04c1-424b-9868-57a2d4851a1d" relativeResultsDirectory="c7edd7ea-0ee8-4f0a-a850-f3a4b92c5d99" />
    <UnitTestResult executionId="a5401308-ff3f-451c-806c-8b331bdaa9d1" testId="709abc68-8d3c-e371-5710-414b812752de" testName="Seed_Creates_Predefined_Roles" computerName="DESKTOP-I74QBID" duration="00:00:05.8648563" startTime="2026-05-25T02:05:15.6204837-05:00" endTime="2026-05-25T02:05:21.4862428-05:00" testType="13cdc9d9-ddb5-4fa4-a97d-d965ccfc6d4b" outcome="Passed" testListId="8c84fa94-04c1-424b-9868-57a2d4851a1d" relativeResultsDirectory="a5401308-ff3f-451c-806c-8b331bdaa9d1" />
    <UnitTestResult executionId="cb2e3ffa-cb0e-43a2-adcc-e1c85a88f546" testId="9e47c9ae-f304-9b50-166d-533dc0171048" testName="Seed_Includes_Vacante_Id1" computerName="DESKTOP-I74QBID" duration="00:00:00.0864003" startTime="2026-05-25T02:05:21.4898017-05:00" endTime="2026-05-25T02:05:21.5764923-05:00" testType="13cdc9d9-ddb5-4fa4-a97d-d965ccfc6d4b" outcome="Passed" testListId="8c84fa94-04c1-424b-9868-57a2d4851a1d" relativeResultsDirectory="cb2e3ffa-cb0e-43a2-adcc-e1c85a88f546" />
    <UnitTestResult executionId="44dad688-2ca7-4b67-9be4-bad2118befd5" testId="2ca574bd-2646-6a3a-5b20-b20e5e388a6c" testName="AceptarMatricula_SetsEstado_And_AddsPago" computerName="DESKTOP-I74QBID" duration="00:00:00.2456456" startTime="2026-05-25T02:05:23.4891646-05:00" endTime="2026-05-25T02:05:23.7350865-05:00" testType="13cdc9d9-ddb5-4fa4-a97d-d965ccfc6d4b" outcome="Passed" testListId="8c84fa94-04c1-424b-9868-57a2d4851a1d" relativeResultsDirectory="44dad688-2ca7-4b67-9be4-bad2118befd5" />
    <UnitTestResult executionId="94189b74-a2f1-40d6-b189-e3a530d66a6d" testId="53d40934-effc-c495-a716-d9f655569816" testName="Detalles_Returns_NotFound_ForNull" computerName="DESKTOP-I74QBID" duration="00:00:00.0079810" startTime="2026-05-25T02:05:22.6756508-05:00" endTime="2026-05-25T02:05:22.6838910-05:00" testType="13cdc9d9-ddb5-4fa4-a97d-d965ccfc6d4b" outcome="Passed" testListId="8c84fa94-04c1-424b-9868-57a2d4851a1d" relativeResultsDirectory="94189b74-a2f1-40d6-b189-e3a530d66a6d" />
    <UnitTestResult executionId="eef4d9fb-90a3-4b06-9281-bb10551aee11" testId="0b4b4194-ff2b-d8ea-afa9-b5b932d7c990" testName="Editar_Post_Id_Mismatch_Returns_NotFound" computerName="DESKTOP-I74QBID" duration="00:00:00.0055316" startTime="2026-05-25T02:05:22.9555011-05:00" endTime="2026-05-25T02:05:22.9613126-05:00" testType="13cdc9d9-ddb5-4fa4-a97d-d965ccfc6d4b" outcome="Passed" testListId="8c84fa94-04c1-424b-9868-57a2d4851a1d" relativeResultsDirectory="eef4d9fb-90a3-4b06-9281-bb10551aee11" />
    <UnitTestResult executionId="1f282842-bcaf-4541-bb5c-a611bf32da67" testId="e138422a-db65-bcce-0783-38dd49ec2ddc" testName="Seleccion_Returns_Vacantes_List" computerName="DESKTOP-I74QBID" duration="00:00:00.1402607" startTime="2026-05-25T02:05:23.0290384-05:00" endTime="2026-05-25T02:05:23.1696785-05:00" testType="13cdc9d9-ddb5-4fa4-a97d-d965ccfc6d4b" outcome="Passed" testListId="8c84fa94-04c1-424b-9868-57a2d4851a1d" relativeResultsDirectory="1f282842-bcaf-4541-bb5c-a611bf32da67" />
    <UnitTestResult executionId="667729fd-649c-4d1b-8c7f-016886f3bef0" testId="ba64b071-94d1-45f6-84c6-df7cf5e75838" testName="CargarFormulario_InvalidVacante_Redirects" computerName="DESKTOP-I74QBID" duration="00:00:00.1187614" startTime="2026-05-25T02:05:23.0345958-05:00" endTime="2026-05-25T02:05:23.1536774-05:00" testType="13cdc9d9-ddb5-4fa4-a97d-d965ccfc6d4b" outcome="Passed" testListId="8c84fa94-04c1-424b-9868-57a2d4851a1d" relativeResultsDirectory="667729fd-649c-4d1b-8c7f-016886f3bef0" />
    <UnitTestResult executionId="8d94e926-148a-425c-86a3-d28cf898d1f8" testId="48d9a094-128d-831c-057e-0a4262ebc6cb" testName="Vacante_Reservar_Decrements_Cupos" computerName="DESKTOP-I74QBID" duration="00:00:00.0191369" startTime="2026-05-25T02:05:15.0567763-05:00" endTime="2026-05-25T02:05:15.2079449-05:00" testType="13cdc9d9-ddb5-4fa4-a97d-d965ccfc6d4b" outcome="Passed" testListId="8c84fa94-04c1-424b-9868-57a2d4851a1d" relativeResultsDirectory="8d94e926-148a-425c-86a3-d28cf898d1f8" />
    <UnitTestResult executionId="1c8136b0-3c42-4c3b-85c4-8197b6aa2a20" testId="f4322190-2317-bd56-0ab5-957e7d638cef" testName="Registrar_Success_Creates_Matricula_And_Decrements_Vacante" computerName="DESKTOP-I74QBID" duration="00:00:00.2203639" startTime="2026-05-25T02:05:23.2886336-05:00" endTime="2026-05-25T02:05:23.5092908-05:00" testType="13cdc9d9-ddb5-4fa4-a97d-d965ccfc6d4b" outcome="Passed" testListId="8c84fa94-04c1-424b-9868-57a2d4851a1d" relativeResultsDirectory="1c8136b0-3c42-4c3b-85c4-8197b6aa2a20" />
    <UnitTestResult executionId="d33f46de-8ce2-43e8-86ac-18b4641176d2" testId="b5f5fdd6-2a29-d1b5-dd12-b20fcdf891fe" testName="Usuario_Valid_Passes" computerName="DESKTOP-I74QBID" duration="00:00:00.0005327" startTime="2026-05-25T02:05:15.3113265-05:00" endTime="2026-05-25T02:05:15.3121222-05:00" testType="13cdc9d9-ddb5-4fa4-a97d-d965ccfc6d4b" outcome="Passed" testListId="8c84fa94-04c1-424b-9868-57a2d4851a1d" relativeResultsDirectory="d33f46de-8ce2-43e8-86ac-18b4641176d2" />
    <UnitTestResult executionId="46c035a5-7909-4b81-9032-8433ce03b970" testId="af3767ec-dbac-d6be-0526-f32ea9add3cf" testName="Registro_ReturnsView_When_EmailExists" computerName="DESKTOP-I74QBID" duration="00:00:00.3343047" startTime="2026-05-25T02:05:21.5766272-05:00" endTime="2026-05-25T02:05:21.9114194-05:00" testType="13cdc9d9-ddb5-4fa4-a97d-d965ccfc6d4b" outcome="Passed" testListId="8c84fa94-04c1-424b-9868-57a2d4851a1d" relativeResultsDirectory="46c035a5-7909-4b81-9032-8433ce03b970" />
    <UnitTestResult executionId="63922f8d-f068-4464-9f43-d17481bca44c" testId="dca66212-cd4f-4e85-a946-c31e3c34aac4" testName="Rol_Creation_And_Default_Usuarios_Null" computerName="DESKTOP-I74QBID" duration="00:00:00.0008178" startTime="2026-05-25T02:05:15.6190307-05:00" endTime="2026-05-25T02:05:15.6203278-05:00" testType="13cdc9d9-ddb5-4fa4-a97d-d965ccfc6d4b" outcome="Passed" testListId="8c84fa94-04c1-424b-9868-57a2d4851a1d" relativeResultsDirectory="63922f8d-f068-4464-9f43-d17481bca44c" />
    <UnitTestResult executionId="d300c3e2-f9e5-4b9f-9738-9f93f0a56766" testId="fe9f4581-a64c-d61e-d90f-db71f2ae2502" testName="Registrar_Redirects_To_Login_When_No_User" computerName="DESKTOP-I74QBID" duration="00:00:00.0271955" startTime="2026-05-25T02:05:23.4614931-05:00" endTime="2026-05-25T02:05:23.4890270-05:00" testType="13cdc9d9-ddb5-4fa4-a97d-d965ccfc6d4b" outcome="Passed" testListId="8c84fa94-04c1-424b-9868-57a2d4851a1d" relativeResultsDirectory="d300c3e2-f9e5-4b9f-9738-9f93f0a56766" />
    <UnitTestResult executionId="84b47a8d-8932-4b0c-8791-0beb4676c104" testId="cba85fa9-b03c-092e-2fef-4298d45ff40a" testName="Registro_Success_Creates_User_And_Redirects_To_Login" computerName="DESKTOP-I74QBID" duration="00:00:00.1042666" startTime="2026-05-25T02:05:22.5706251-05:00" endTime="2026-05-25T02:05:22.6755107-05:00" testType="13cdc9d9-ddb5-4fa4-a97d-d965ccfc6d4b" outcome="Passed" testListId="8c84fa94-04c1-424b-9868-57a2d4851a1d" relativeResultsDirectory="84b47a8d-8932-4b0c-8791-0beb4676c104" />
    <UnitTestResult executionId="042b043d-f628-4f37-bee1-ec410922bd7a" testId="4073fa1f-8f41-1b55-e078-2491c7b68b24" testName="Pago_Properties_Are_Set" computerName="DESKTOP-I74QBID" duration="00:00:00.0103018" startTime="2026-05-25T02:05:15.6083428-05:00" endTime="2026-05-25T02:05:15.6189180-05:00" testType="13cdc9d9-ddb5-4fa4-a97d-d965ccfc6d4b" outcome="Passed" testListId="8c84fa94-04c1-424b-9868-57a2d4851a1d" relativeResultsDirectory="042b043d-f628-4f37-bee1-ec410922bd7a" />
    <UnitTestResult executionId="18f76738-813a-4d5c-aac4-17bf8650f2c7" testId="aa2422f3-4e6e-d630-45ff-2eda0963cba3" testName="Login_Post_InvalidCredentials_ReturnsViewWithMessage" computerName="DESKTOP-I74QBID" duration="00:00:00.5866358" startTime="2026-05-25T02:05:21.9115140-05:00" endTime="2026-05-25T02:05:22.4985855-05:00" testType="13cdc9d9-ddb5-4fa4-a97d-d965ccfc6d4b" outcome="Passed" testListId="8c84fa94-04c1-424b-9868-57a2d4851a1d" relativeResultsDirectory="18f76738-813a-4d5c-aac4-17bf8650f2c7" />
    <UnitTestResult executionId="cfadc794-fc7d-4dd7-a0da-1fce2d666752" testId="b7ac3bd3-a542-15bf-500f-6b4d6791017e" testName="SolicitudesPendientes_Returns_List" computerName="DESKTOP-I74QBID" duration="00:00:00.0972502" startTime="2026-05-25T02:05:23.6865250-05:00" endTime="2026-05-25T02:05:23.7880535-05:00" testType="13cdc9d9-ddb5-4fa4-a97d-d965ccfc6d4b" outcome="Passed" testListId="8c84fa94-04c1-424b-9868-57a2d4851a1d" relativeResultsDirectory="cfadc794-fc7d-4dd7-a0da-1fce2d666752" />
    <UnitTestResult executionId="55a17c89-cd04-4c6c-9623-c88d3e338140" testId="bea09619-ab38-ca41-f116-952db360b36b" testName="Usuario_Required_Fields_Fail" computerName="DESKTOP-I74QBID" duration="00:00:00.0018894" startTime="2026-05-25T02:05:15.3068014-05:00" endTime="2026-05-25T02:05:15.3089204-05:00" testType="13cdc9d9-ddb5-4fa4-a97d-d965ccfc6d4b" outcome="Passed" testListId="8c84fa94-04c1-424b-9868-57a2d4851a1d" relativeResultsDirectory="55a17c89-cd04-4c6c-9623-c88d3e338140" />
    <UnitTestResult executionId="91c49c5a-bcf5-44f7-8da3-009e88c69464" testId="c7fa243f-e23a-5cee-da28-982dbb179a2e" testName="Estudiante_Valid_Passes_Validation" computerName="DESKTOP-I74QBID" duration="00:00:00.0592738" startTime="2026-05-25T02:05:15.2375394-05:00" endTime="2026-05-25T02:05:15.2970845-05:00" testType="13cdc9d9-ddb5-4fa4-a97d-d965ccfc6d4b" outcome="Passed" testListId="8c84fa94-04c1-424b-9868-57a2d4851a1d" relativeResultsDirectory="91c49c5a-bcf5-44f7-8da3-009e88c69464" />
    <UnitTestResult executionId="822ee39f-f7d4-4fbd-8d08-3923ded0b22b" testId="8b655c87-d1d0-7d54-095e-a2889523df10" testName="Login_Post_Admin_Redirects" computerName="DESKTOP-I74QBID" duration="00:00:00.4805570" startTime="2026-05-25T02:05:22.0244828-05:00" endTime="2026-05-25T02:05:22.5053287-05:00" testType="13cdc9d9-ddb5-4fa4-a97d-d965ccfc6d4b" outcome="Passed" testListId="8c84fa94-04c1-424b-9868-57a2d4851a1d" relativeResultsDirectory="822ee39f-f7d4-4fbd-8d08-3923ded0b22b" />
    <UnitTestResult executionId="18581247-48d9-4d8b-89d0-d220501ec0b7" testId="43aa100d-4136-d839-eeaa-95aefeaf29e8" testName="Vacante_Allows_Negative_When_OverReserved" computerName="DESKTOP-I74QBID" duration="00:00:00.0003585" startTime="2026-05-25T02:05:15.2366186-05:00" endTime="2026-05-25T02:05:15.2372528-05:00" testType="13cdc9d9-ddb5-4fa4-a97d-d965ccfc6d4b" outcome="Passed" testListId="8c84fa94-04c1-424b-9868-57a2d4851a1d" relativeResultsDirectory="18581247-48d9-4d8b-89d0-d220501ec0b7" />
    <UnitTestResult executionId="9f3f98fe-7a44-4ec7-9e3e-665493b06544" testId="5a48a900-377a-9807-74db-7461e932399e" testName="Editar_Get_Returns_View_When_Found" computerName="DESKTOP-I74QBID" duration="00:00:00.0071727" startTime="2026-05-25T02:05:23.0161513-05:00" endTime="2026-05-25T02:05:23.0236269-05:00" testType="13cdc9d9-ddb5-4fa4-a97d-d965ccfc6d4b" outcome="Passed" testListId="8c84fa94-04c1-424b-9868-57a2d4851a1d" relativeResultsDirectory="9f3f98fe-7a44-4ec7-9e3e-665493b06544" />
    <UnitTestResult executionId="b4e5cda0-7c43-4ee8-af76-a65518a5f3e8" testId="0fe5e90a-d3cf-e46f-341f-4693c92ee898" testName="Comprobante_Redirects_When_Not_Found" computerName="DESKTOP-I74QBID" duration="00:00:00.1281706" startTime="2026-05-25T02:05:23.5094850-05:00" endTime="2026-05-25T02:05:23.6379316-05:00" testType="13cdc9d9-ddb5-4fa4-a97d-d965ccfc6d4b" outcome="Passed" testListId="8c84fa94-04c1-424b-9868-57a2d4851a1d" relativeResultsDirectory="b4e5cda0-7c43-4ee8-af76-a65518a5f3e8" />
    <UnitTestResult executionId="70ed33f5-9c15-4624-9445-b4afabfb4e03" testId="6219b7b5-d448-bdf3-2fea-bdf8bb2a843e" testName="CargarFormulario_Sets_Model_InfoVacante" computerName="DESKTOP-I74QBID" duration="00:00:00.0151445" startTime="2026-05-25T02:05:23.1538444-05:00" endTime="2026-05-25T02:05:23.1693337-05:00" testType="13cdc9d9-ddb5-4fa4-a97d-d965ccfc6d4b" outcome="Passed" testListId="8c84fa94-04c1-424b-9868-57a2d4851a1d" relativeResultsDirectory="70ed33f5-9c15-4624-9445-b4afabfb4e03" />
    <UnitTestResult executionId="ed2be3b9-9638-4b03-94b4-24b7e27273c1" testId="65d9d50d-6375-8ef5-4c20-bd6cfe3c4281" testName="Vacante_Liberar_Increments_Cupos" computerName="DESKTOP-I74QBID" duration="00:00:00.0007257" startTime="2026-05-25T02:05:15.2334790-05:00" endTime="2026-05-25T02:05:15.2346644-05:00" testType="13cdc9d9-ddb5-4fa4-a97d-d965ccfc6d4b" outcome="Passed" testListId="8c84fa94-04c1-424b-9868-57a2d4851a1d" relativeResultsDirectory="ed2be3b9-9638-4b03-94b4-24b7e27273c1" />
    <UnitTestResult executionId="540a98f0-a1f8-49d1-bdae-2a805ba9e9ed" testId="c0e7c9ab-da0e-d595-dbe2-f7235d574408" testName="Seed_Creates_Admin_User" computerName="DESKTOP-I74QBID" duration="00:00:03.0089556" startTime="2026-05-25T02:05:18.5851627-05:00" endTime="2026-05-25T02:05:21.5951377-05:00" testType="13cdc9d9-ddb5-4fa4-a97d-d965ccfc6d4b" outcome="Passed" testListId="8c84fa94-04c1-424b-9868-57a2d4851a1d" relativeResultsDirectory="540a98f0-a1f8-49d1-bdae-2a805ba9e9ed" />
    <UnitTestResult executionId="add2c566-11e0-403c-9527-ad33fe7f20ce" testId="f03415a4-0194-f1d6-f8e1-40b3c02dc888" testName="Registrar_Returns_View_When_StudentAlreadyExists" computerName="DESKTOP-I74QBID" duration="00:00:00.2670841" startTime="2026-05-25T02:05:23.1697891-05:00" endTime="2026-05-25T02:05:23.4370854-05:00" testType="13cdc9d9-ddb5-4fa4-a97d-d965ccfc6d4b" outcome="Passed" testListId="8c84fa94-04c1-424b-9868-57a2d4851a1d" relativeResultsDirectory="add2c566-11e0-403c-9527-ad33fe7f20ce" />
    <UnitTestResult executionId="39ebb2cb-913a-4b9c-a378-2c71a1bf8441" testId="9f4dc3c6-3661-3645-08f5-8e17463d5c6e" testName="Login_Post_User_Redirects_To_Matricula" computerName="DESKTOP-I74QBID" duration="00:00:00.0679633" startTime="2026-05-25T02:05:22.4987371-05:00" endTime="2026-05-25T02:05:22.5669686-05:00" testType="13cdc9d9-ddb5-4fa4-a97d-d965ccfc6d4b" outcome="Passed" testListId="8c84fa94-04c1-424b-9868-57a2d4851a1d" relativeResultsDirectory="39ebb2cb-913a-4b9c-a378-2c71a1bf8441" />
    <UnitTestResult executionId="a88fa7c1-c220-4fe6-ba2b-d2814623cd8f" testId="95959f01-5b8f-96ab-bafc-4962393ce5d9" testName="Registrar_Returns_Form_When_ModelInvalid" computerName="DESKTOP-I74QBID" duration="00:00:00.1186945" startTime="2026-05-25T02:05:23.1695266-05:00" endTime="2026-05-25T02:05:23.2885009-05:00" testType="13cdc9d9-ddb5-4fa4-a97d-d965ccfc6d4b" outcome="Passed" testListId="8c84fa94-04c1-424b-9868-57a2d4851a1d" relativeResultsDirectory="a88fa7c1-c220-4fe6-ba2b-d2814623cd8f" />
    <UnitTestResult executionId="de4e5c58-978d-4a00-b241-ec5673851171" testId="029d579e-bdc1-b6f9-704c-fe917d0ace1d" testName="Estudiante_LongName_Fails_StringLength" computerName="DESKTOP-I74QBID" duration="00:00:00.0032079" startTime="2026-05-25T02:05:15.3028238-05:00" endTime="2026-05-25T02:05:15.3066819-05:00" testType="13cdc9d9-ddb5-4fa4-a97d-d965ccfc6d4b" outcome="Passed" testListId="8c84fa94-04c1-424b-9868-57a2d4851a1d" relativeResultsDirectory="de4e5c58-978d-4a00-b241-ec5673851171" />
    <UnitTestResult executionId="2b83818d-3c63-4895-bc16-aa041206eb9e" testId="16d4ada4-692c-5584-368f-a38396e56d05" testName="Comprobante_Returns_View_When_Found" computerName="DESKTOP-I74QBID" duration="00:00:00.0474764" startTime="2026-05-25T02:05:23.6380792-05:00" endTime="2026-05-25T02:05:23.6863615-05:00" testType="13cdc9d9-ddb5-4fa4-a97d-d965ccfc6d4b" outcome="Passed" testListId="8c84fa94-04c1-424b-9868-57a2d4851a1d" relativeResultsDirectory="2b83818d-3c63-4895-bc16-aa041206eb9e" />
    <UnitTestResult executionId="78fcdf9d-accf-4625-ab27-317dd5f3c146" testId="4745d03a-a2f9-6307-7c27-fb8fc476114f" testName="Crear_Adds_Error_When_Dni_Exists" computerName="DESKTOP-I74QBID" duration="00:00:00.0451642" startTime="2026-05-25T02:05:22.8681697-05:00" endTime="2026-05-25T02:05:22.9135955-05:00" testType="13cdc9d9-ddb5-4fa4-a97d-d965ccfc6d4b" outcome="Passed" testListId="8c84fa94-04c1-424b-9868-57a2d4851a1d" relativeResultsDirectory="78fcdf9d-accf-4625-ab27-317dd5f3c146" />
    <UnitTestResult executionId="2b87fe8d-f578-44ed-8a18-b0897eac0545" testId="e5c928b4-7439-80a9-d70c-86af0a38fd31" testName="Crear_Success_NoVacante_AddsStudent" computerName="DESKTOP-I74QBID" duration="00:00:00.0820840" startTime="2026-05-25T02:05:22.9137298-05:00" endTime="2026-05-25T02:05:22.9960933-05:00" testType="13cdc9d9-ddb5-4fa4-a97d-d965ccfc6d4b" outcome="Passed" testListId="8c84fa94-04c1-424b-9868-57a2d4851a1d" relativeResultsDirectory="2b87fe8d-f578-44ed-8a18-b0897eac0545" />
    <UnitTestResult executionId="021cbb95-fab9-4275-9d8e-615172d07c02" testId="294b27af-b79f-26c7-3baa-8dcbd0771a0d" testName="Crear_Adds_Error_When_Age_Out_Of_Range" computerName="DESKTOP-I74QBID" duration="00:00:00.1837316" startTime="2026-05-25T02:05:22.6840252-05:00" endTime="2026-05-25T02:05:22.8680213-05:00" testType="13cdc9d9-ddb5-4fa4-a97d-d965ccfc6d4b" outcome="Passed" testListId="8c84fa94-04c1-424b-9868-57a2d4851a1d" relativeResultsDirectory="021cbb95-fab9-4275-9d8e-615172d07c02" />
    <UnitTestResult executionId="7d61b669-0bb1-4804-b6bb-6c356566e75b" testId="4deffba7-1512-95cf-a2dd-52146fa580da" testName="Registro_ReturnsView_When_PasswordsDontMatch" computerName="DESKTOP-I74QBID" duration="00:00:00.3142471" startTime="2026-05-25T02:05:21.5952863-05:00" endTime="2026-05-25T02:05:21.9111024-05:00" testType="13cdc9d9-ddb5-4fa4-a97d-d965ccfc6d4b" outcome="Passed" testListId="8c84fa94-04c1-424b-9868-57a2d4851a1d" relativeResultsDirectory="7d61b669-0bb1-4804-b6bb-6c356566e75b" />
    <UnitTestResult executionId="2daa3bc3-21f6-4954-b6f5-76a4420b189d" testId="d4e2fb17-2146-f050-44b0-6233b63db740" testName="ConfirmarEliminacion_Removes_Student" computerName="DESKTOP-I74QBID" duration="00:00:00.0726020" startTime="2026-05-25T02:05:22.9614815-05:00" endTime="2026-05-25T02:05:23.0343644-05:00" testType="13cdc9d9-ddb5-4fa4-a97d-d965ccfc6d4b" outcome="Passed" testListId="8c84fa94-04c1-424b-9868-57a2d4851a1d" relativeResultsDirectory="2daa3bc3-21f6-4954-b6f5-76a4420b189d" />
  </Results>
  <TestDefinitions>
    <UnitTest name="CargarFormulario_Sets_Model_InfoVacante" storage="c:\users\hp\escaneos\desktop\reyles-2026\reyles\noveno-ciclo\calidad y pruebas de sofware\t3_09\testproject\bin\debug\net8.0\testproject.dll" id="6219b7b5-d448-bdf3-2fea-bdf8bb2a843e">
      <Execution id="70ed33f5-9c15-4624-9445-b4afabfb4e03" />
      <TestMethod codeBase="C:\Users\HP\Escaneos\Desktop\Reyles-2026\REYLES\Noveno-ciclo\Calidad y pruebas de sofware\T3_09\TestProject\bin\Debug\net8.0\TestProject.dll" adapterTypeName="executor://mstestadapter/v2" className="TestProject.Unit.Controllers.MatriculaControllerTests" name="CargarFormulario_Sets_Model_InfoVacante" />
    </UnitTest>
    <UnitTest name="ConfirmarEliminacion_Removes_Student" storage="c:\users\hp\escaneos\desktop\reyles-2026\reyles\noveno-ciclo\calidad y pruebas de sofware\t3_09\testproject\bin\debug\net8.0\testproject.dll" id="d4e2fb17-2146-f050-44b0-6233b63db740">
      <Execution id="2daa3bc3-21f6-4954-b6f5-76a4420b189d" />
      <TestMethod codeBase="C:\Users\HP\Escaneos\Desktop\Reyles-2026\REYLES\Noveno-ciclo\Calidad y pruebas de sofware\T3_09\TestProject\bin\Debug\net8.0\TestProject.dll" adapterTypeName="executor://mstestadapter/v2" className="TestProject.Unit.Controllers.EstudiantesControllerTests" name="ConfirmarEliminacion_Removes_Student" />
    </UnitTest>
    <UnitTest name="Usuario_LongPassword_Fails_StringLength" storage="c:\users\hp\escaneos\desktop\reyles-2026\reyles\noveno-ciclo\calidad y pruebas de sofware\t3_09\testproject\bin\debug\net8.0\testproject.dll" id="8a697d69-fd9f-83a2-f7a0-a44267c7311a">
      <Execution id="c0f3d903-158a-4bbc-b54d-9ceda701aa00" />
      <TestMethod codeBase="C:\Users\HP\Escaneos\Desktop\Reyles-2026\REYLES\Noveno-ciclo\Calidad y pruebas de sofware\T3_09\TestProject\bin\Debug\net8.0\TestProject.dll" adapterTypeName="executor://mstestadapter/v2" className="TestProject.Unit.Models.ModelTests" name="Usuario_LongPassword_Fails_StringLength" />
    </UnitTest>
    <UnitTest name="Crear_Success_NoVacante_AddsStudent" storage="c:\users\hp\escaneos\desktop\reyles-2026\reyles\noveno-ciclo\calidad y pruebas de sofware\t3_09\testproject\bin\debug\net8.0\testproject.dll" id="e5c928b4-7439-80a9-d70c-86af0a38fd31">
      <Execution id="2b87fe8d-f578-44ed-8a18-b0897eac0545" />
      <TestMethod codeBase="C:\Users\HP\Escaneos\Desktop\Reyles-2026\REYLES\Noveno-ciclo\Calidad y pruebas de sofware\T3_09\TestProject\bin\Debug\net8.0\TestProject.dll" adapterTypeName="executor://mstestadapter/v2" className="TestProject.Unit.Controllers.EstudiantesControllerTests" name="Crear_Success_NoVacante_AddsStudent" />
    </UnitTest>
    <UnitTest name="Seed_Creates_Admin_User" storage="c:\users\hp\escaneos\desktop\reyles-2026\reyles\noveno-ciclo\calidad y pruebas de sofware\t3_09\testproject\bin\debug\net8.0\testproject.dll" id="c0e7c9ab-da0e-d595-dbe2-f7235d574408">
      <Execution id="540a98f0-a1f8-49d1-bdae-2a805ba9e9ed" />
      <TestMethod codeBase="C:\Users\HP\Escaneos\Desktop\Reyles-2026\REYLES\Noveno-ciclo\Calidad y pruebas de sofware\T3_09\TestProject\bin\Debug\net8.0\TestProject.dll" adapterTypeName="executor://mstestadapter/v2" className="TestProject.Unit.Db.AppDbContextSeedTests" name="Seed_Creates_Admin_User" />
    </UnitTest>
    <UnitTest name="Estudiante_Valid_Passes_Validation" storage="c:\users\hp\escaneos\desktop\reyles-2026\reyles\noveno-ciclo\calidad y pruebas de sofware\t3_09\testproject\bin\debug\net8.0\testproject.dll" id="c7fa243f-e23a-5cee-da28-982dbb179a2e">
      <Execution id="91c49c5a-bcf5-44f7-8da3-009e88c69464" />
      <TestMethod codeBase="C:\Users\HP\Escaneos\Desktop\Reyles-2026\REYLES\Noveno-ciclo\Calidad y pruebas de sofware\T3_09\TestProject\bin\Debug\net8.0\TestProject.dll" adapterTypeName="executor://mstestadapter/v2" className="TestProject.Unit.Models.ModelTests" name="Estudiante_Valid_Passes_Validation" />
    </UnitTest>
    <UnitTest name="Registrar_Returns_View_When_StudentAlreadyExists" storage="c:\users\hp\escaneos\desktop\reyles-2026\reyles\noveno-ciclo\calidad y pruebas de sofware\t3_09\testproject\bin\debug\net8.0\testproject.dll" id="f03415a4-0194-f1d6-f8e1-40b3c02dc888">
      <Execution id="add2c566-11e0-403c-9527-ad33fe7f20ce" />
      <TestMethod codeBase="C:\Users\HP\Escaneos\Desktop\Reyles-2026\REYLES\Noveno-ciclo\Calidad y pruebas de sofware\T3_09\TestProject\bin\Debug\net8.0\TestProject.dll" adapterTypeName="executor://mstestadapter/v2" className="TestProject.Unit.Controllers.MatriculaControllerTests" name="Registrar_Returns_View_When_StudentAlreadyExists" />
    </UnitTest>
    <UnitTest name="Registrar_Success_Creates_Matricula_And_Decrements_Vacante" storage="c:\users\hp\escaneos\desktop\reyles-2026\reyles\noveno-ciclo\calidad y pruebas de sofware\t3_09\testproject\bin\debug\net8.0\testproject.dll" id="f4322190-2317-bd56-0ab5-957e7d638cef">
      <Execution id="1c8136b0-3c42-4c3b-85c4-8197b6aa2a20" />
      <TestMethod codeBase="C:\Users\HP\Escaneos\Desktop\Reyles-2026\REYLES\Noveno-ciclo\Calidad y pruebas de sofware\T3_09\TestProject\bin\Debug\net8.0\TestProject.dll" adapterTypeName="executor://mstestadapter/v2" className="TestProject.Unit.Controllers.MatriculaControllerTests" name="Registrar_Success_Creates_Matricula_And_Decrements_Vacante" />
    </UnitTest>
    <UnitTest name="Seed_Creates_Predefined_Roles" storage="c:\users\hp\escaneos\desktop\reyles-2026\reyles\noveno-ciclo\calidad y pruebas de sofware\t3_09\testproject\bin\debug\net8.0\testproject.dll" id="709abc68-8d3c-e371-5710-414b812752de">
      <Execution id="a5401308-ff3f-451c-806c-8b331bdaa9d1" />
      <TestMethod codeBase="C:\Users\HP\Escaneos\Desktop\Reyles-2026\REYLES\Noveno-ciclo\Calidad y pruebas de sofware\T3_09\TestProject\bin\Debug\net8.0\TestProject.dll" adapterTypeName="executor://mstestadapter/v2" className="TestProject.Unit.Db.AppDbContextSeedTests" name="Seed_Creates_Predefined_Roles" />
    </UnitTest>
    <UnitTest name="Registrar_Redirects_To_Login_When_No_User" storage="c:\users\hp\escaneos\desktop\reyles-2026\reyles\noveno-ciclo\calidad y pruebas de sofware\t3_09\testproject\bin\debug\net8.0\testproject.dll" id="fe9f4581-a64c-d61e-d90f-db71f2ae2502">
      <Execution id="d300c3e2-f9e5-4b9f-9738-9f93f0a56766" />
      <TestMethod codeBase="C:\Users\HP\Escaneos\Desktop\Reyles-2026\REYLES\Noveno-ciclo\Calidad y pruebas de sofware\T3_09\TestProject\bin\Debug\net8.0\TestProject.dll" adapterTypeName="executor://mstestadapter/v2" className="TestProject.Unit.Controllers.MatriculaControllerTests" name="Registrar_Redirects_To_Login_When_No_User" />
    </UnitTest>
    <UnitTest name="Pago_Properties_Are_Set" storage="c:\users\hp\escaneos\desktop\reyles-2026\reyles\noveno-ciclo\calidad y pruebas de sofware\t3_09\testproject\bin\debug\net8.0\testproject.dll" id="4073fa1f-8f41-1b55-e078-2491c7b68b24">
      <Execution id="042b043d-f628-4f37-bee1-ec410922bd7a" />
      <TestMethod codeBase="C:\Users\HP\Escaneos\Desktop\Reyles-2026\REYLES\Noveno-ciclo\Calidad y pruebas de sofware\T3_09\TestProject\bin\Debug\net8.0\TestProject.dll" adapterTypeName="executor://mstestadapter/v2" className="TestProject.Unit.Models.ModelTests" name="Pago_Properties_Are_Set" />
    </UnitTest>
    <UnitTest name="Registro_ModelStateInvalid_ReturnsView" storage="c:\users\hp\escaneos\desktop\reyles-2026\reyles\noveno-ciclo\calidad y pruebas de sofware\t3_09\testproject\bin\debug\net8.0\testproject.dll" id="121fe280-d250-01df-a665-a06443c2f551">
      <Execution id="864b0d42-32ad-47a4-b21d-c978596b5ccc" />
      <TestMethod codeBase="C:\Users\HP\Escaneos\Desktop\Reyles-2026\REYLES\Noveno-ciclo\Calidad y pruebas de sofware\T3_09\TestProject\bin\Debug\net8.0\TestProject.dll" adapterTypeName="executor://mstestadapter/v2" className="TestProject.Unit.Controllers.AccesoControllerTests" name="Registro_ModelStateInvalid_ReturnsView" />
    </UnitTest>
    <UnitTest name="Comprobante_Redirects_When_Not_Found" storage="c:\users\hp\escaneos\desktop\reyles-2026\reyles\noveno-ciclo\calidad y pruebas de sofware\t3_09\testproject\bin\debug\net8.0\testproject.dll" id="0fe5e90a-d3cf-e46f-341f-4693c92ee898">
      <Execution id="b4e5cda0-7c43-4ee8-af76-a65518a5f3e8" />
      <TestMethod codeBase="C:\Users\HP\Escaneos\Desktop\Reyles-2026\REYLES\Noveno-ciclo\Calidad y pruebas de sofware\T3_09\TestProject\bin\Debug\net8.0\TestProject.dll" adapterTypeName="executor://mstestadapter/v2" className="TestProject.Unit.Controllers.MatriculaControllerTests" name="Comprobante_Redirects_When_Not_Found" />
    </UnitTest>
    <UnitTest name="Estudiante_Invalid_Dni_Fails" storage="c:\users\hp\escaneos\desktop\reyles-2026\reyles\noveno-ciclo\calidad y pruebas de sofware\t3_09\testproject\bin\debug\net8.0\testproject.dll" id="3de79086-715c-8ba4-01a2-83a8d1bf200c">
      <Execution id="c7edd7ea-0ee8-4f0a-a850-f3a4b92c5d99" />
      <TestMethod codeBase="C:\Users\HP\Escaneos\Desktop\Reyles-2026\REYLES\Noveno-ciclo\Calidad y pruebas de sofware\T3_09\TestProject\bin\Debug\net8.0\TestProject.dll" adapterTypeName="executor://mstestadapter/v2" className="TestProject.Unit.Models.ModelTests" name="Estudiante_Invalid_Dni_Fails" />
    </UnitTest>
    <UnitTest name="Editar_Post_Id_Mismatch_Returns_NotFound" storage="c:\users\hp\escaneos\desktop\reyles-2026\reyles\noveno-ciclo\calidad y pruebas de sofware\t3_09\testproject\bin\debug\net8.0\testproject.dll" id="0b4b4194-ff2b-d8ea-afa9-b5b932d7c990">
      <Execution id="eef4d9fb-90a3-4b06-9281-bb10551aee11" />
      <TestMethod codeBase="C:\Users\HP\Escaneos\Desktop\Reyles-2026\REYLES\Noveno-ciclo\Calidad y pruebas de sofware\T3_09\TestProject\bin\Debug\net8.0\TestProject.dll" adapterTypeName="executor://mstestadapter/v2" className="TestProject.Unit.Controllers.EstudiantesControllerTests" name="Editar_Post_Id_Mismatch_Returns_NotFound" />
    </UnitTest>
    <UnitTest name="Registro_Success_Creates_User_And_Redirects_To_Login" storage="c:\users\hp\escaneos\desktop\reyles-2026\reyles\noveno-ciclo\calidad y pruebas de sofware\t3_09\testproject\bin\debug\net8.0\testproject.dll" id="cba85fa9-b03c-092e-2fef-4298d45ff40a">
      <Execution id="84b47a8d-8932-4b0c-8791-0beb4676c104" />
      <TestMethod codeBase="C:\Users\HP\Escaneos\Desktop\Reyles-2026\REYLES\Noveno-ciclo\Calidad y pruebas de sofware\T3_09\TestProject\bin\Debug\net8.0\TestProject.dll" adapterTypeName="executor://mstestadapter/v2" className="TestProject.Unit.Controllers.AccesoControllerTests" name="Registro_Success_Creates_User_And_Redirects_To_Login" />
    </UnitTest>
    <UnitTest name="Editar_Get_Returns_View_When_Found" storage="c:\users\hp\escaneos\desktop\reyles-2026\reyles\noveno-ciclo\calidad y pruebas de sofware\t3_09\testproject\bin\debug\net8.0\testproject.dll" id="5a48a900-377a-9807-74db-7461e932399e">
      <Execution id="9f3f98fe-7a44-4ec7-9e3e-665493b06544" />
      <TestMethod codeBase="C:\Users\HP\Escaneos\Desktop\Reyles-2026\REYLES\Noveno-ciclo\Calidad y pruebas de sofware\T3_09\TestProject\bin\Debug\net8.0\TestProject.dll" adapterTypeName="executor://mstestadapter/v2" className="TestProject.Unit.Controllers.EstudiantesControllerTests" name="Editar_Get_Returns_View_When_Found" />
    </UnitTest>
    <UnitTest name="Seleccion_Returns_Vacantes_List" storage="c:\users\hp\escaneos\desktop\reyles-2026\reyles\noveno-ciclo\calidad y pruebas de sofware\t3_09\testproject\bin\debug\net8.0\testproject.dll" id="e138422a-db65-bcce-0783-38dd49ec2ddc">
      <Execution id="1f282842-bcaf-4541-bb5c-a611bf32da67" />
      <TestMethod codeBase="C:\Users\HP\Escaneos\Desktop\Reyles-2026\REYLES\Noveno-ciclo\Calidad y pruebas de sofware\T3_09\TestProject\bin\Debug\net8.0\TestProject.dll" adapterTypeName="executor://mstestadapter/v2" className="TestProject.Unit.Controllers.MatriculaControllerTests" name="Seleccion_Returns_Vacantes_List" />
    </UnitTest>
    <UnitTest name="AceptarMatricula_SetsEstado_And_AddsPago" storage="c:\users\hp\escaneos\desktop\reyles-2026\reyles\noveno-ciclo\calidad y pruebas de sofware\t3_09\testproject\bin\debug\net8.0\testproject.dll" id="2ca574bd-2646-6a3a-5b20-b20e5e388a6c">
      <Execution id="44dad688-2ca7-4b67-9be4-bad2118befd5" />
      <TestMethod codeBase="C:\Users\HP\Escaneos\Desktop\Reyles-2026\REYLES\Noveno-ciclo\Calidad y pruebas de sofware\T3_09\TestProject\bin\Debug\net8.0\TestProject.dll" adapterTypeName="executor://mstestadapter/v2" className="TestProject.Unit.Controllers.MatriculaControllerTests" name="AceptarMatricula_SetsEstado_And_AddsPago" />
    </UnitTest>
    <UnitTest name="Login_Post_Visitante_Redirects_To_Visit" storage="c:\users\hp\escaneos\desktop\reyles-2026\reyles\noveno-ciclo\calidad y pruebas de sofware\t3_09\testproject\bin\debug\net8.0\testproject.dll" id="4735c474-044c-5fe7-0a90-db926e18b188">
      <Execution id="98ac44ab-63a3-4c71-a4ad-11a06d82c75f" />
      <TestMethod codeBase="C:\Users\HP\Escaneos\Desktop\Reyles-2026\REYLES\Noveno-ciclo\Calidad y pruebas de sofware\T3_09\TestProject\bin\Debug\net8.0\TestProject.dll" adapterTypeName="executor://mstestadapter/v2" className="TestProject.Unit.Controllers.AccesoControllerTests" name="Login_Post_Visitante_Redirects_To_Visit" />
    </UnitTest>
    <UnitTest name="Estudiante_LongName_Fails_StringLength" storage="c:\users\hp\escaneos\desktop\reyles-2026\reyles\noveno-ciclo\calidad y pruebas de sofware\t3_09\testproject\bin\debug\net8.0\testproject.dll" id="029d579e-bdc1-b6f9-704c-fe917d0ace1d">
      <Execution id="de4e5c58-978d-4a00-b241-ec5673851171" />
      <TestMethod codeBase="C:\Users\HP\Escaneos\Desktop\Reyles-2026\REYLES\Noveno-ciclo\Calidad y pruebas de sofware\T3_09\TestProject\bin\Debug\net8.0\TestProject.dll" adapterTypeName="executor://mstestadapter/v2" className="TestProject.Unit.Models.ModelTests" name="Estudiante_LongName_Fails_StringLength" />
    </UnitTest>
    <UnitTest name="Vacante_Liberar_Increments_Cupos" storage="c:\users\hp\escaneos\desktop\reyles-2026\reyles\noveno-ciclo\calidad y pruebas de sofware\t3_09\testproject\bin\debug\net8.0\testproject.dll" id="65d9d50d-6375-8ef5-4c20-bd6cfe3c4281">
      <Execution id="ed2be3b9-9638-4b03-94b4-24b7e27273c1" />
      <TestMethod codeBase="C:\Users\HP\Escaneos\Desktop\Reyles-2026\REYLES\Noveno-ciclo\Calidad y pruebas de sofware\T3_09\TestProject\bin\Debug\net8.0\TestProject.dll" adapterTypeName="executor://mstestadapter/v2" className="TestProject.Unit.Models.ModelTests" name="Vacante_Liberar_Increments_Cupos" />
    </UnitTest>
    <UnitTest name="Registrar_Returns_Form_When_ModelInvalid" storage="c:\users\hp\escaneos\desktop\reyles-2026\reyles\noveno-ciclo\calidad y pruebas de sofware\t3_09\testproject\bin\debug\net8.0\testproject.dll" id="95959f01-5b8f-96ab-bafc-4962393ce5d9">
      <Execution id="a88fa7c1-c220-4fe6-ba2b-d2814623cd8f" />
      <TestMethod codeBase="C:\Users\HP\Escaneos\Desktop\Reyles-2026\REYLES\Noveno-ciclo\Calidad y pruebas de sofware\T3_09\TestProject\bin\Debug\net8.0\TestProject.dll" adapterTypeName="executor://mstestadapter/v2" className="TestProject.Unit.Controllers.MatriculaControllerTests" name="Registrar_Returns_Form_When_ModelInvalid" />
    </UnitTest>
    <UnitTest name="Eliminar_Get_Returns_NotFound_For_Null" storage="c:\users\hp\escaneos\desktop\reyles-2026\reyles\noveno-ciclo\calidad y pruebas de sofware\t3_09\testproject\bin\debug\net8.0\testproject.dll" id="e9c018df-4337-2faf-003b-ea21fbaa22bb">
      <Execution id="d6607dfc-d473-488e-b2a4-d711945b12f6" />
      <TestMethod codeBase="C:\Users\HP\Escaneos\Desktop\Reyles-2026\REYLES\Noveno-ciclo\Calidad y pruebas de sofware\T3_09\TestProject\bin\Debug\net8.0\TestProject.dll" adapterTypeName="executor://mstestadapter/v2" className="TestProject.Unit.Controllers.EstudiantesControllerTests" name="Eliminar_Get_Returns_NotFound_For_Null" />
    </UnitTest>
    <UnitTest name="Usuario_Valid_Passes" storage="c:\users\hp\escaneos\desktop\reyles-2026\reyles\noveno-ciclo\calidad y pruebas de sofware\t3_09\testproject\bin\debug\net8.0\testproject.dll" id="b5f5fdd6-2a29-d1b5-dd12-b20fcdf891fe">
      <Execution id="d33f46de-8ce2-43e8-86ac-18b4641176d2" />
      <TestMethod codeBase="C:\Users\HP\Escaneos\Desktop\Reyles-2026\REYLES\Noveno-ciclo\Calidad y pruebas de sofware\T3_09\TestProject\bin\Debug\net8.0\TestProject.dll" adapterTypeName="executor://mstestadapter/v2" className="TestProject.Unit.Models.ModelTests" name="Usuario_Valid_Passes" />
    </UnitTest>
    <UnitTest name="Registro_ReturnsView_When_EmailExists" storage="c:\users\hp\escaneos\desktop\reyles-2026\reyles\noveno-ciclo\calidad y pruebas de sofware\t3_09\testproject\bin\debug\net8.0\testproject.dll" id="af3767ec-dbac-d6be-0526-f32ea9add3cf">
      <Execution id="46c035a5-7909-4b81-9032-8433ce03b970" />
      <TestMethod codeBase="C:\Users\HP\Escaneos\Desktop\Reyles-2026\REYLES\Noveno-ciclo\Calidad y pruebas de sofware\T3_09\TestProject\bin\Debug\net8.0\TestProject.dll" adapterTypeName="executor://mstestadapter/v2" className="TestProject.Unit.Controllers.AccesoControllerTests" name="Registro_ReturnsView_When_EmailExists" />
    </UnitTest>
    <UnitTest name="Detalles_Returns_NotFound_ForNull" storage="c:\users\hp\escaneos\desktop\reyles-2026\reyles\noveno-ciclo\calidad y pruebas de sofware\t3_09\testproject\bin\debug\net8.0\testproject.dll" id="53d40934-effc-c495-a716-d9f655569816">
      <Execution id="94189b74-a2f1-40d6-b189-e3a530d66a6d" />
      <TestMethod codeBase="C:\Users\HP\Escaneos\Desktop\Reyles-2026\REYLES\Noveno-ciclo\Calidad y pruebas de sofware\T3_09\TestProject\bin\Debug\net8.0\TestProject.dll" adapterTypeName="executor://mstestadapter/v2" className="TestProject.Unit.Controllers.EstudiantesControllerTests" name="Detalles_Returns_NotFound_ForNull" />
    </UnitTest>
    <UnitTest name="Login_Post_InvalidCredentials_ReturnsViewWithMessage" storage="c:\users\hp\escaneos\desktop\reyles-2026\reyles\noveno-ciclo\calidad y pruebas de sofware\t3_09\testproject\bin\debug\net8.0\testproject.dll" id="aa2422f3-4e6e-d630-45ff-2eda0963cba3">
      <Execution id="18f76738-813a-4d5c-aac4-17bf8650f2c7" />
      <TestMethod codeBase="C:\Users\HP\Escaneos\Desktop\Reyles-2026\REYLES\Noveno-ciclo\Calidad y pruebas de sofware\T3_09\TestProject\bin\Debug\net8.0\TestProject.dll" adapterTypeName="executor://mstestadapter/v2" className="TestProject.Unit.Controllers.AccesoControllerTests" name="Login_Post_InvalidCredentials_ReturnsViewWithMessage" />
    </UnitTest>
    <UnitTest name="Comprobante_Returns_View_When_Found" storage="c:\users\hp\escaneos\desktop\reyles-2026\reyles\noveno-ciclo\calidad y pruebas de sofware\t3_09\testproject\bin\debug\net8.0\testproject.dll" id="16d4ada4-692c-5584-368f-a38396e56d05">
      <Execution id="2b83818d-3c63-4895-bc16-aa041206eb9e" />
      <TestMethod codeBase="C:\Users\HP\Escaneos\Desktop\Reyles-2026\REYLES\Noveno-ciclo\Calidad y pruebas de sofware\T3_09\TestProject\bin\Debug\net8.0\TestProject.dll" adapterTypeName="executor://mstestadapter/v2" className="TestProject.Unit.Controllers.MatriculaControllerTests" name="Comprobante_Returns_View_When_Found" />
    </UnitTest>
    <UnitTest name="Usuario_Required_Fields_Fail" storage="c:\users\hp\escaneos\desktop\reyles-2026\reyles\noveno-ciclo\calidad y pruebas de sofware\t3_09\testproject\bin\debug\net8.0\testproject.dll" id="bea09619-ab38-ca41-f116-952db360b36b">
      <Execution id="55a17c89-cd04-4c6c-9623-c88d3e338140" />
      <TestMethod codeBase="C:\Users\HP\Escaneos\Desktop\Reyles-2026\REYLES\Noveno-ciclo\Calidad y pruebas de sofware\T3_09\TestProject\bin\Debug\net8.0\TestProject.dll" adapterTypeName="executor://mstestadapter/v2" className="TestProject.Unit.Models.ModelTests" name="Usuario_Required_Fields_Fail" />
    </UnitTest>
    <UnitTest name="CargarFormulario_InvalidVacante_Redirects" storage="c:\users\hp\escaneos\desktop\reyles-2026\reyles\noveno-ciclo\calidad y pruebas de sofware\t3_09\testproject\bin\debug\net8.0\testproject.dll" id="ba64b071-94d1-45f6-84c6-df7cf5e75838">
      <Execution id="667729fd-649c-4d1b-8c7f-016886f3bef0" />
      <TestMethod codeBase="C:\Users\HP\Escaneos\Desktop\Reyles-2026\REYLES\Noveno-ciclo\Calidad y pruebas de sofware\T3_09\TestProject\bin\Debug\net8.0\TestProject.dll" adapterTypeName="executor://mstestadapter/v2" className="TestProject.Unit.Controllers.MatriculaControllerTests" name="CargarFormulario_InvalidVacante_Redirects" />
    </UnitTest>
    <UnitTest name="Crear_Adds_Error_When_Age_Out_Of_Range" storage="c:\users\hp\escaneos\desktop\reyles-2026\reyles\noveno-ciclo\calidad y pruebas de sofware\t3_09\testproject\bin\debug\net8.0\testproject.dll" id="294b27af-b79f-26c7-3baa-8dcbd0771a0d">
      <Execution id="021cbb95-fab9-4275-9d8e-615172d07c02" />
      <TestMethod codeBase="C:\Users\HP\Escaneos\Desktop\Reyles-2026\REYLES\Noveno-ciclo\Calidad y pruebas de sofware\T3_09\TestProject\bin\Debug\net8.0\TestProject.dll" adapterTypeName="executor://mstestadapter/v2" className="TestProject.Unit.Controllers.EstudiantesControllerTests" name="Crear_Adds_Error_When_Age_Out_Of_Range" />
    </UnitTest>
    <UnitTest name="Crear_Adds_Error_When_Dni_Exists" storage="c:\users\hp\escaneos\desktop\reyles-2026\reyles\noveno-ciclo\calidad y pruebas de sofware\t3_09\testproject\bin\debug\net8.0\testproject.dll" id="4745d03a-a2f9-6307-7c27-fb8fc476114f">
      <Execution id="78fcdf9d-accf-4625-ab27-317dd5f3c146" />
      <TestMethod codeBase="C:\Users\HP\Escaneos\Desktop\Reyles-2026\REYLES\Noveno-ciclo\Calidad y pruebas de sofware\T3_09\TestProject\bin\Debug\net8.0\TestProject.dll" adapterTypeName="executor://mstestadapter/v2" className="TestProject.Unit.Controllers.EstudiantesControllerTests" name="Crear_Adds_Error_When_Dni_Exists" />
    </UnitTest>
    <UnitTest name="Seed_Includes_Vacante_Id1" storage="c:\users\hp\escaneos\desktop\reyles-2026\reyles\noveno-ciclo\calidad y pruebas de sofware\t3_09\testproject\bin\debug\net8.0\testproject.dll" id="9e47c9ae-f304-9b50-166d-533dc0171048">
      <Execution id="cb2e3ffa-cb0e-43a2-adcc-e1c85a88f546" />
      <TestMethod codeBase="C:\Users\HP\Escaneos\Desktop\Reyles-2026\REYLES\Noveno-ciclo\Calidad y pruebas de sofware\T3_09\TestProject\bin\Debug\net8.0\TestProject.dll" adapterTypeName="executor://mstestadapter/v2" className="TestProject.Unit.Db.AppDbContextSeedTests" name="Seed_Includes_Vacante_Id1" />
    </UnitTest>
    <UnitTest name="Rol_Creation_And_Default_Usuarios_Null" storage="c:\users\hp\escaneos\desktop\reyles-2026\reyles\noveno-ciclo\calidad y pruebas de sofware\t3_09\testproject\bin\debug\net8.0\testproject.dll" id="dca66212-cd4f-4e85-a946-c31e3c34aac4">
      <Execution id="63922f8d-f068-4464-9f43-d17481bca44c" />
      <TestMethod codeBase="C:\Users\HP\Escaneos\Desktop\Reyles-2026\REYLES\Noveno-ciclo\Calidad y pruebas de sofware\T3_09\TestProject\bin\Debug\net8.0\TestProject.dll" adapterTypeName="executor://mstestadapter/v2" className="TestProject.Unit.Models.ModelTests" name="Rol_Creation_And_Default_Usuarios_Null" />
    </UnitTest>
    <UnitTest name="Vacante_Reservar_Decrements_Cupos" storage="c:\users\hp\escaneos\desktop\reyles-2026\reyles\noveno-ciclo\calidad y pruebas de sofware\t3_09\testproject\bin\debug\net8.0\testproject.dll" id="48d9a094-128d-831c-057e-0a4262ebc6cb">
      <Execution id="8d94e926-148a-425c-86a3-d28cf898d1f8" />
      <TestMethod codeBase="C:\Users\HP\Escaneos\Desktop\Reyles-2026\REYLES\Noveno-ciclo\Calidad y pruebas de sofware\T3_09\TestProject\bin\Debug\net8.0\TestProject.dll" adapterTypeName="executor://mstestadapter/v2" className="TestProject.Unit.Models.ModelTests" name="Vacante_Reservar_Decrements_Cupos" />
    </UnitTest>
    <UnitTest name="Registro_ReturnsView_When_PasswordsDontMatch" storage="c:\users\hp\escaneos\desktop\reyles-2026\reyles\noveno-ciclo\calidad y pruebas de sofware\t3_09\testproject\bin\debug\net8.0\testproject.dll" id="4deffba7-1512-95cf-a2dd-52146fa580da">
      <Execution id="7d61b669-0bb1-4804-b6bb-6c356566e75b" />
      <TestMethod codeBase="C:\Users\HP\Escaneos\Desktop\Reyles-2026\REYLES\Noveno-ciclo\Calidad y pruebas de sofware\T3_09\TestProject\bin\Debug\net8.0\TestProject.dll" adapterTypeName="executor://mstestadapter/v2" className="TestProject.Unit.Controllers.AccesoControllerTests" name="Registro_ReturnsView_When_PasswordsDontMatch" />
    </UnitTest>
    <UnitTest name="Listar_Filters_By_Dni" storage="c:\users\hp\escaneos\desktop\reyles-2026\reyles\noveno-ciclo\calidad y pruebas de sofware\t3_09\testproject\bin\debug\net8.0\testproject.dll" id="a7ebce68-9c1f-8808-4061-a773da5aeab7">
      <Execution id="377d505d-7d00-4ad5-94ba-75e2036d8bc9" />
      <TestMethod codeBase="C:\Users\HP\Escaneos\Desktop\Reyles-2026\REYLES\Noveno-ciclo\Calidad y pruebas de sofware\T3_09\TestProject\bin\Debug\net8.0\TestProject.dll" adapterTypeName="executor://mstestadapter/v2" className="TestProject.Unit.Controllers.EstudiantesControllerTests" name="Listar_Filters_By_Dni" />
    </UnitTest>
    <UnitTest name="Login_Post_User_Redirects_To_Matricula" storage="c:\users\hp\escaneos\desktop\reyles-2026\reyles\noveno-ciclo\calidad y pruebas de sofware\t3_09\testproject\bin\debug\net8.0\testproject.dll" id="9f4dc3c6-3661-3645-08f5-8e17463d5c6e">
      <Execution id="39ebb2cb-913a-4b9c-a378-2c71a1bf8441" />
      <TestMethod codeBase="C:\Users\HP\Escaneos\Desktop\Reyles-2026\REYLES\Noveno-ciclo\Calidad y pruebas de sofware\T3_09\TestProject\bin\Debug\net8.0\TestProject.dll" adapterTypeName="executor://mstestadapter/v2" className="TestProject.Unit.Controllers.AccesoControllerTests" name="Login_Post_User_Redirects_To_Matricula" />
    </UnitTest>
    <UnitTest name="SolicitudesPendientes_Returns_List" storage="c:\users\hp\escaneos\desktop\reyles-2026\reyles\noveno-ciclo\calidad y pruebas de sofware\t3_09\testproject\bin\debug\net8.0\testproject.dll" id="b7ac3bd3-a542-15bf-500f-6b4d6791017e">
      <Execution id="cfadc794-fc7d-4dd7-a0da-1fce2d666752" />
      <TestMethod codeBase="C:\Users\HP\Escaneos\Desktop\Reyles-2026\REYLES\Noveno-ciclo\Calidad y pruebas de sofware\T3_09\TestProject\bin\Debug\net8.0\TestProject.dll" adapterTypeName="executor://mstestadapter/v2" className="TestProject.Unit.Controllers.MatriculaControllerTests" name="SolicitudesPendientes_Returns_List" />
    </UnitTest>
    <UnitTest name="Login_Post_Admin_Redirects" storage="c:\users\hp\escaneos\desktop\reyles-2026\reyles\noveno-ciclo\calidad y pruebas de sofware\t3_09\testproject\bin\debug\net8.0\testproject.dll" id="8b655c87-d1d0-7d54-095e-a2889523df10">
      <Execution id="822ee39f-f7d4-4fbd-8d08-3923ded0b22b" />
      <TestMethod codeBase="C:\Users\HP\Escaneos\Desktop\Reyles-2026\REYLES\Noveno-ciclo\Calidad y pruebas de sofware\T3_09\TestProject\bin\Debug\net8.0\TestProject.dll" adapterTypeName="executor://mstestadapter/v2" className="TestProject.Unit.Controllers.AccesoControllerTests" name="Login_Post_Admin_Redirects" />
    </UnitTest>
    <UnitTest name="Vacante_Allows_Negative_When_OverReserved" storage="c:\users\hp\escaneos\desktop\reyles-2026\reyles\noveno-ciclo\calidad y pruebas de sofware\t3_09\testproject\bin\debug\net8.0\testproject.dll" id="43aa100d-4136-d839-eeaa-95aefeaf29e8">
      <Execution id="18581247-48d9-4d8b-89d0-d220501ec0b7" />
      <TestMethod codeBase="C:\Users\HP\Escaneos\Desktop\Reyles-2026\REYLES\Noveno-ciclo\Calidad y pruebas de sofware\T3_09\TestProject\bin\Debug\net8.0\TestProject.dll" adapterTypeName="executor://mstestadapter/v2" className="TestProject.Unit.Models.ModelTests" name="Vacante_Allows_Negative_When_OverReserved" />
    </UnitTest>
  </TestDefinitions>
  <TestEntries>
    <TestEntry testId="8a697d69-fd9f-83a2-f7a0-a44267c7311a" executionId="c0f3d903-158a-4bbc-b54d-9ceda701aa00" testListId="8c84fa94-04c1-424b-9868-57a2d4851a1d" />
    <TestEntry testId="4735c474-044c-5fe7-0a90-db926e18b188" executionId="98ac44ab-63a3-4c71-a4ad-11a06d82c75f" testListId="8c84fa94-04c1-424b-9868-57a2d4851a1d" />
    <TestEntry testId="121fe280-d250-01df-a665-a06443c2f551" executionId="864b0d42-32ad-47a4-b21d-c978596b5ccc" testListId="8c84fa94-04c1-424b-9868-57a2d4851a1d" />
    <TestEntry testId="a7ebce68-9c1f-8808-4061-a773da5aeab7" executionId="377d505d-7d00-4ad5-94ba-75e2036d8bc9" testListId="8c84fa94-04c1-424b-9868-57a2d4851a1d" />
    <TestEntry testId="e9c018df-4337-2faf-003b-ea21fbaa22bb" executionId="d6607dfc-d473-488e-b2a4-d711945b12f6" testListId="8c84fa94-04c1-424b-9868-57a2d4851a1d" />
    <TestEntry testId="3de79086-715c-8ba4-01a2-83a8d1bf200c" executionId="c7edd7ea-0ee8-4f0a-a850-f3a4b92c5d99" testListId="8c84fa94-04c1-424b-9868-57a2d4851a1d" />
    <TestEntry testId="709abc68-8d3c-e371-5710-414b812752de" executionId="a5401308-ff3f-451c-806c-8b331bdaa9d1" testListId="8c84fa94-04c1-424b-9868-57a2d4851a1d" />
    <TestEntry testId="9e47c9ae-f304-9b50-166d-533dc0171048" executionId="cb2e3ffa-cb0e-43a2-adcc-e1c85a88f546" testListId="8c84fa94-04c1-424b-9868-57a2d4851a1d" />
    <TestEntry testId="2ca574bd-2646-6a3a-5b20-b20e5e388a6c" executionId="44dad688-2ca7-4b67-9be4-bad2118befd5" testListId="8c84fa94-04c1-424b-9868-57a2d4851a1d" />
    <TestEntry testId="53d40934-effc-c495-a716-d9f655569816" executionId="94189b74-a2f1-40d6-b189-e3a530d66a6d" testListId="8c84fa94-04c1-424b-9868-57a2d4851a1d" />
    <TestEntry testId="0b4b4194-ff2b-d8ea-afa9-b5b932d7c990" executionId="eef4d9fb-90a3-4b06-9281-bb10551aee11" testListId="8c84fa94-04c1-424b-9868-57a2d4851a1d" />
    <TestEntry testId="e138422a-db65-bcce-0783-38dd49ec2ddc" executionId="1f282842-bcaf-4541-bb5c-a611bf32da67" testListId="8c84fa94-04c1-424b-9868-57a2d4851a1d" />
    <TestEntry testId="ba64b071-94d1-45f6-84c6-df7cf5e75838" executionId="667729fd-649c-4d1b-8c7f-016886f3bef0" testListId="8c84fa94-04c1-424b-9868-57a2d4851a1d" />
    <TestEntry testId="48d9a094-128d-831c-057e-0a4262ebc6cb" executionId="8d94e926-148a-425c-86a3-d28cf898d1f8" testListId="8c84fa94-04c1-424b-9868-57a2d4851a1d" />
    <TestEntry testId="f4322190-2317-bd56-0ab5-957e7d638cef" executionId="1c8136b0-3c42-4c3b-85c4-8197b6aa2a20" testListId="8c84fa94-04c1-424b-9868-57a2d4851a1d" />
    <TestEntry testId="b5f5fdd6-2a29-d1b5-dd12-b20fcdf891fe" executionId="d33f46de-8ce2-43e8-86ac-18b4641176d2" testListId="8c84fa94-04c1-424b-9868-57a2d4851a1d" />
    <TestEntry testId="af3767ec-dbac-d6be-0526-f32ea9add3cf" executionId="46c035a5-7909-4b81-9032-8433ce03b970" testListId="8c84fa94-04c1-424b-9868-57a2d4851a1d" />
    <TestEntry testId="dca66212-cd4f-4e85-a946-c31e3c34aac4" executionId="63922f8d-f068-4464-9f43-d17481bca44c" testListId="8c84fa94-04c1-424b-9868-57a2d4851a1d" />
    <TestEntry testId="fe9f4581-a64c-d61e-d90f-db71f2ae2502" executionId="d300c3e2-f9e5-4b9f-9738-9f93f0a56766" testListId="8c84fa94-04c1-424b-9868-57a2d4851a1d" />
    <TestEntry testId="cba85fa9-b03c-092e-2fef-4298d45ff40a" executionId="84b47a8d-8932-4b0c-8791-0beb4676c104" testListId="8c84fa94-04c1-424b-9868-57a2d4851a1d" />
    <TestEntry testId="4073fa1f-8f41-1b55-e078-2491c7b68b24" executionId="042b043d-f628-4f37-bee1-ec410922bd7a" testListId="8c84fa94-04c1-424b-9868-57a2d4851a1d" />
    <TestEntry testId="aa2422f3-4e6e-d630-45ff-2eda0963cba3" executionId="18f76738-813a-4d5c-aac4-17bf8650f2c7" testListId="8c84fa94-04c1-424b-9868-57a2d4851a1d" />
    <TestEntry testId="b7ac3bd3-a542-15bf-500f-6b4d6791017e" executionId="cfadc794-fc7d-4dd7-a0da-1fce2d666752" testListId="8c84fa94-04c1-424b-9868-57a2d4851a1d" />
    <TestEntry testId="bea09619-ab38-ca41-f116-952db360b36b" executionId="55a17c89-cd04-4c6c-9623-c88d3e338140" testListId="8c84fa94-04c1-424b-9868-57a2d4851a1d" />
    <TestEntry testId="c7fa243f-e23a-5cee-da28-982dbb179a2e" executionId="91c49c5a-bcf5-44f7-8da3-009e88c69464" testListId="8c84fa94-04c1-424b-9868-57a2d4851a1d" />
    <TestEntry testId="8b655c87-d1d0-7d54-095e-a2889523df10" executionId="822ee39f-f7d4-4fbd-8d08-3923ded0b22b" testListId="8c84fa94-04c1-424b-9868-57a2d4851a1d" />
    <TestEntry testId="43aa100d-4136-d839-eeaa-95aefeaf29e8" executionId="18581247-48d9-4d8b-89d0-d220501ec0b7" testListId="8c84fa94-04c1-424b-9868-57a2d4851a1d" />
    <TestEntry testId="5a48a900-377a-9807-74db-7461e932399e" executionId="9f3f98fe-7a44-4ec7-9e3e-665493b06544" testListId="8c84fa94-04c1-424b-9868-57a2d4851a1d" />
    <TestEntry testId="0fe5e90a-d3cf-e46f-341f-4693c92ee898" executionId="b4e5cda0-7c43-4ee8-af76-a65518a5f3e8" testListId="8c84fa94-04c1-424b-9868-57a2d4851a1d" />
    <TestEntry testId="6219b7b5-d448-bdf3-2fea-bdf8bb2a843e" executionId="70ed33f5-9c15-4624-9445-b4afabfb4e03" testListId="8c84fa94-04c1-424b-9868-57a2d4851a1d" />
    <TestEntry testId="65d9d50d-6375-8ef5-4c20-bd6cfe3c4281" executionId="ed2be3b9-9638-4b03-94b4-24b7e27273c1" testListId="8c84fa94-04c1-424b-9868-57a2d4851a1d" />
    <TestEntry testId="c0e7c9ab-da0e-d595-dbe2-f7235d574408" executionId="540a98f0-a1f8-49d1-bdae-2a805ba9e9ed" testListId="8c84fa94-04c1-424b-9868-57a2d4851a1d" />
    <TestEntry testId="f03415a4-0194-f1d6-f8e1-40b3c02dc888" executionId="add2c566-11e0-403c-9527-ad33fe7f20ce" testListId="8c84fa94-04c1-424b-9868-57a2d4851a1d" />
    <TestEntry testId="9f4dc3c6-3661-3645-08f5-8e17463d5c6e" executionId="39ebb2cb-913a-4b9c-a378-2c71a1bf8441" testListId="8c84fa94-04c1-424b-9868-57a2d4851a1d" />
    <TestEntry testId="95959f01-5b8f-96ab-bafc-4962393ce5d9" executionId="a88fa7c1-c220-4fe6-ba2b-d2814623cd8f" testListId="8c84fa94-04c1-424b-9868-57a2d4851a1d" />
    <TestEntry testId="029d579e-bdc1-b6f9-704c-fe917d0ace1d" executionId="de4e5c58-978d-4a00-b241-ec5673851171" testListId="8c84fa94-04c1-424b-9868-57a2d4851a1d" />
    <TestEntry testId="16d4ada4-692c-5584-368f-a38396e56d05" executionId="2b83818d-3c63-4895-bc16-aa041206eb9e" testListId="8c84fa94-04c1-424b-9868-57a2d4851a1d" />
    <TestEntry testId="4745d03a-a2f9-6307-7c27-fb8fc476114f" executionId="78fcdf9d-accf-4625-ab27-317dd5f3c146" testListId="8c84fa94-04c1-424b-9868-57a2d4851a1d" />
    <TestEntry testId="e5c928b4-7439-80a9-d70c-86af0a38fd31" executionId="2b87fe8d-f578-44ed-8a18-b0897eac0545" testListId="8c84fa94-04c1-424b-9868-57a2d4851a1d" />
    <TestEntry testId="294b27af-b79f-26c7-3baa-8dcbd0771a0d" executionId="021cbb95-fab9-4275-9d8e-615172d07c02" testListId="8c84fa94-04c1-424b-9868-57a2d4851a1d" />
    <TestEntry testId="4deffba7-1512-95cf-a2dd-52146fa580da" executionId="7d61b669-0bb1-4804-b6bb-6c356566e75b" testListId="8c84fa94-04c1-424b-9868-57a2d4851a1d" />
    <TestEntry testId="d4e2fb17-2146-f050-44b0-6233b63db740" executionId="2daa3bc3-21f6-4954-b6f5-76a4420b189d" testListId="8c84fa94-04c1-424b-9868-57a2d4851a1d" />
  </TestEntries>
  <TestLists>
    <TestList name="Resultados sin formato de lista" id="8c84fa94-04c1-424b-9868-57a2d4851a1d" />
    <TestList name="Todos los resultados cargados" id="19431567-8539-422a-85d7-44ee4e166bda" />
  </TestLists>
  <ResultSummary outcome="Completed">
    <Counters total="42" executed="42" passed="42" failed="0" error="0" timeout="0" aborted="0" inconclusive="0" passedButRunAborted="0" notRunnable="0" notExecuted="0" disconnected="0" warning="0" completed="0" inProgress="0" pending="0" />
    <Output>
      <StdOut>Probar paralelización habilitada para C:\Users\HP\Escaneos\Desktop\Reyles-2026\REYLES\Noveno-ciclo\Calidad y pruebas de sofware\T3_09\TestProject\bin\Debug\net8.0\TestProject.dll (Trabajos: 2, Ámbito: MethodLevel)&#xD;
</StdOut>
    </Output>
  </ResultSummary>
</TestRun>